InterfaceParent/app/build/intermediates/manifest_merge_blame_file/debug/manifest-merger-blame-debug-report.txt
1<?xml version="1.0" encoding="utf-8"?>
2<manifest xmlns:android="http://schemas.android.com/apk/res/android"
3    package="com.example.localiser"
4    android:versionCode="1"
5    android:versionName="1.0" >
6
7    <uses-sdk
8        android:minSdkVersion="23"
8-->src\main\AndroidManifest.xml
9        android:targetSdkVersion="30" />
9-->src\main\AndroidManifest.xml
10    <!--
11         The ACCESS_COARSE/FINE_LOCATION permissions are not required to use
12         Google Maps Android API v2, but you must specify either coarse or fine
13         location permissions for the "MyLocation" functionality.
14    -->
15    <uses-permission android:name="android.permission.ACCESS_FINE_LOCATION" />
15-->src\main\AndroidManifest.xml:9:5-79
15-->src\main\AndroidManifest.xml:9:22-76
16    <uses-permission android:name="android.permission.ACCESS_COARSE_LOCATION" />
16-->src\main\AndroidManifest.xml:10:5-81
16-->src\main\AndroidManifest.xml:10:22-78
17    <uses-permission android:name="android.permission.ACCESS_BACKGROUND_LOCATION" />
17-->src\main\AndroidManifest.xml:11:5-85
17-->src\main\AndroidManifest.xml:11:22-82
18
19    <!-- Include required permissions for Google Maps API to run. -->
20    <uses-permission android:name="android.permission.ACCESS_NETWORK_STATE" />
20-->[com.google.android.gms:play-services-maps:17.0.0] AndroidManifest.xml:23:5-79
20-->[com.google.android.gms:play-services-maps:17.0.0] AndroidManifest.xml:23:22-76
21    <uses-permission android:name="android.permission.INTERNET" />
21-->[com.google.android.gms:play-services-maps:17.0.0] AndroidManifest.xml:24:5-67
21-->[com.google.android.gms:play-services-maps:17.0.0] AndroidManifest.xml:24:22-64
22
23    <uses-feature
23-->[com.google.android.gms:play-services-maps:17.0.0] AndroidManifest.xml:26:5-28:35
24        android:glEsVersion="0x00020000"
24-->[com.google.android.gms:play-services-maps:17.0.0] AndroidManifest.xml:27:9-41
25        android:required="true" />
25-->[com.google.android.gms:play-services-maps:17.0.0] AndroidManifest.xml:28:9-32
26
27    <uses-permission android:name="android.permission.WAKE_LOCK" /> <!-- Required by older versions of Google Play services to create IID tokens -->
27-->[com.google.firebase:firebase-iid:21.0.1] AndroidManifest.xml:24:5-68
27-->[com.google.firebase:firebase-iid:21.0.1] AndroidManifest.xml:24:22-65
28    <uses-permission android:name="com.google.android.c2dm.permission.RECEIVE" />
28-->[com.google.firebase:firebase-iid:21.0.1] AndroidManifest.xml:26:5-82
28-->[com.google.firebase:firebase-iid:21.0.1] AndroidManifest.xml:26:22-79
29
30    <application
30-->src\main\AndroidManifest.xml:13:5-65:19
31        android:allowBackup="true"
31-->src\main\AndroidManifest.xml:14:9-35
32        android:appComponentFactory="androidx.core.app.CoreComponentFactory"
32-->[androidx.core:core:1.3.1] AndroidManifest.xml:24:18-86
33        android:debuggable="true"
34        android:extractNativeLibs="false"
35        android:icon="@mipmap/ic_launcher"
35-->src\main\AndroidManifest.xml:15:9-43
36        android:label="@string/app_name"
36-->src\main\AndroidManifest.xml:16:9-41
37        android:roundIcon="@mipmap/ic_launcher_round"
37-->src\main\AndroidManifest.xml:17:9-54
38        android:supportsRtl="true"
38-->src\main\AndroidManifest.xml:18:9-35
39        android:testOnly="true"
40        android:theme="@style/Theme.Localiser" >
40-->src\main\AndroidManifest.xml:19:9-47
41        <activity android:name="com.example.localiser.LocaliserMonEnfant" >
41-->src\main\AndroidManifest.xml:20:9-27:20
41-->src\main\AndroidManifest.xml:20:19-53
42            <intent-filter>
42-->src\main\AndroidManifest.xml:22:13-26:29
43                <action android:name="android.intent.action.MAIN" />
43-->src\main\AndroidManifest.xml:23:17-69
43-->src\main\AndroidManifest.xml:23:25-66
44
45                <category android:name="android.intent.category.LAUNCHER" />
45-->src\main\AndroidManifest.xml:25:17-77
45-->src\main\AndroidManifest.xml:25:27-74
46            </intent-filter>
47        </activity>
48        <!--
49             The API key for Google Maps-based APIs is defined as a string resource.
50             (See the file "res/values/google_maps_api.xml").
51             Note that the API key is linked to the encryption key used to sign the APK.
52             You need a different API key for each encryption key, including the release key that is used to
53             sign the APK for publishing.
54             You can define the keys for the debug and release targets in src/debug/ and src/release/.
55        -->
56        <meta-data
56-->src\main\AndroidManifest.xml:36:9-38:55
57            android:name="com.google.android.geo.API_KEY"
57-->src\main\AndroidManifest.xml:37:13-58
58            android:value="@string/google_maps_key" />
58-->src\main\AndroidManifest.xml:38:13-52
59
60        <activity
60-->src\main\AndroidManifest.xml:40:9-48:20
61            android:name="com.example.localiser.MediumZone"
61-->src\main\AndroidManifest.xml:41:13-39
62            android:label="@string/title_activity_maps" >
62-->src\main\AndroidManifest.xml:42:13-56
63
64            <!--
65            <intent-filter>
66                <action android:name="android.intent.action.MAIN" />
67
68                <category android:name="android.intent.category.LAUNCHER" />
69            </intent-filter>
70            -->
71        </activity>
72        <activity
72-->src\main\AndroidManifest.xml:49:9-58:20
73            android:name="com.example.localiser.DangerZone"
73-->src\main\AndroidManifest.xml:50:13-39
74            android:label="@string/title_activity_maps" >
74-->src\main\AndroidManifest.xml:51:13-56
75
76            <!--
77            <intent-filter>
78                <action android:name="android.intent.action.MAIN" />
79
80                <category android:name="android.intent.category.LAUNCHER" />
81            </intent-filter>
82            -->
83        </activity>
84
85        <service android:name="com.example.localiser.FireBaseMessaging" >
85-->src\main\AndroidManifest.xml:60:9-64:19
85-->src\main\AndroidManifest.xml:60:18-51
86            <intent-filter>
86-->src\main\AndroidManifest.xml:61:13-63:29
87                <action android:name="com.google.firebase.MESSAGING_EVENT" />
87-->src\main\AndroidManifest.xml:62:17-78
87-->src\main\AndroidManifest.xml:62:25-75
88            </intent-filter>
89        </service>
90        <!-- Needs to be explicitly declared on P+ -->
91        <uses-library
91-->[com.google.android.gms:play-services-maps:17.0.0] AndroidManifest.xml:33:9-35:40
92            android:name="org.apache.http.legacy"
92-->[com.google.android.gms:play-services-maps:17.0.0] AndroidManifest.xml:34:13-50
93            android:required="false" />
93-->[com.google.android.gms:play-services-maps:17.0.0] AndroidManifest.xml:35:13-37
94
95        <service
95-->[com.google.firebase:firebase-database:19.7.0] AndroidManifest.xml:29:9-35:19
96            android:name="com.google.firebase.components.ComponentDiscoveryService"
96-->[com.google.firebase:firebase-database:19.7.0] AndroidManifest.xml:30:13-84
97            android:directBootAware="true"
97-->[com.google.firebase:firebase-common:19.5.0] AndroidManifest.xml:35:13-43
98            android:exported="false" >
98-->[com.google.firebase:firebase-database:19.7.0] AndroidManifest.xml:31:13-37
99            <meta-data
99-->[com.google.firebase:firebase-database:19.7.0] AndroidManifest.xml:32:13-34:85
100                android:name="com.google.firebase.components:com.google.firebase.database.DatabaseRegistrar"
100-->[com.google.firebase:firebase-database:19.7.0] AndroidManifest.xml:33:17-109
101                android:value="com.google.firebase.components.ComponentRegistrar" />
101-->[com.google.firebase:firebase-database:19.7.0] AndroidManifest.xml:34:17-82
102            <meta-data
102-->[com.google.firebase:firebase-messaging:21.0.1] AndroidManifest.xml:39:13-41:85
103                android:name="com.google.firebase.components:com.google.firebase.messaging.FirebaseMessagingRegistrar"
103-->[com.google.firebase:firebase-messaging:21.0.1] AndroidManifest.xml:40:17-119
104                android:value="com.google.firebase.components.ComponentRegistrar" />
104-->[com.google.firebase:firebase-messaging:21.0.1] AndroidManifest.xml:41:17-82
105            <meta-data
105-->[com.google.firebase:firebase-iid:21.0.1] AndroidManifest.xml:32:13-34:85
106                android:name="com.google.firebase.components:com.google.firebase.iid.Registrar"
106-->[com.google.firebase:firebase-iid:21.0.1] AndroidManifest.xml:33:17-96
107                android:value="com.google.firebase.components.ComponentRegistrar" />
107-->[com.google.firebase:firebase-iid:21.0.1] AndroidManifest.xml:34:17-82
108            <meta-data
108-->[com.google.firebase:firebase-datatransport:17.0.10] AndroidManifest.xml:28:13-30:85
109                android:name="com.google.firebase.components:com.google.firebase.datatransport.TransportRegistrar"
109-->[com.google.firebase:firebase-datatransport:17.0.10] AndroidManifest.xml:29:17-115
110                android:value="com.google.firebase.components.ComponentRegistrar" />
110-->[com.google.firebase:firebase-datatransport:17.0.10] AndroidManifest.xml:30:17-82
111            <meta-data
111-->[com.google.firebase:firebase-installations:16.3.5] AndroidManifest.xml:18:13-20:85
112                android:name="com.google.firebase.components:com.google.firebase.installations.FirebaseInstallationsRegistrar"
112-->[com.google.firebase:firebase-installations:16.3.5] AndroidManifest.xml:19:17-127
113                android:value="com.google.firebase.components.ComponentRegistrar" />
113-->[com.google.firebase:firebase-installations:16.3.5] AndroidManifest.xml:20:17-82
114            <!--
115                This registrar is not defined in the dynamic-module-support sdk itself to allow non-firebase
116                clients to use it as well, by defining this registrar in their own core/common library.
117            -->
118            <meta-data
118-->[com.google.firebase:firebase-common:19.5.0] AndroidManifest.xml:43:13-45:85
119                android:name="com.google.firebase.components:com.google.firebase.dynamicloading.DynamicLoadingRegistrar"
119-->[com.google.firebase:firebase-common:19.5.0] AndroidManifest.xml:44:17-121
120                android:value="com.google.firebase.components.ComponentRegistrar" />
120-->[com.google.firebase:firebase-common:19.5.0] AndroidManifest.xml:45:17-82
121        </service>
122        <!--
123             FirebaseMessagingService performs security checks at runtime,
124             but set to not exported to explicitly avoid allowing another app to call it.
125        -->
126        <service
126-->[com.google.firebase:firebase-messaging:21.0.1] AndroidManifest.xml:28:9-35:19
127            android:name="com.google.firebase.messaging.FirebaseMessagingService"
127-->[com.google.firebase:firebase-messaging:21.0.1] AndroidManifest.xml:29:13-82
128            android:directBootAware="true"
128-->[com.google.firebase:firebase-messaging:21.0.1] AndroidManifest.xml:30:13-43
129            android:exported="false" >
129-->[com.google.firebase:firebase-messaging:21.0.1] AndroidManifest.xml:31:13-37
130            <intent-filter android:priority="-500" >
130-->src\main\AndroidManifest.xml:61:13-63:29
131                <action android:name="com.google.firebase.MESSAGING_EVENT" />
131-->src\main\AndroidManifest.xml:62:17-78
131-->src\main\AndroidManifest.xml:62:25-75
132            </intent-filter>
133        </service>
134
135        <receiver
135-->[com.google.firebase:firebase-iid:21.0.1] AndroidManifest.xml:37:9-44:20
136            android:name="com.google.firebase.iid.FirebaseInstanceIdReceiver"
136-->[com.google.firebase:firebase-iid:21.0.1] AndroidManifest.xml:38:13-78
137            android:exported="true"
137-->[com.google.firebase:firebase-iid:21.0.1] AndroidManifest.xml:39:13-36
138            android:permission="com.google.android.c2dm.permission.SEND" >
138-->[com.google.firebase:firebase-iid:21.0.1] AndroidManifest.xml:40:13-73
139            <intent-filter>
139-->[com.google.firebase:firebase-iid:21.0.1] AndroidManifest.xml:41:13-43:29
140                <action android:name="com.google.android.c2dm.intent.RECEIVE" />
140-->[com.google.firebase:firebase-iid:21.0.1] AndroidManifest.xml:42:17-81
140-->[com.google.firebase:firebase-iid:21.0.1] AndroidManifest.xml:42:25-78
141            </intent-filter>
142        </receiver>
143
144        <activity
144-->[com.google.android.gms:play-services-base:17.5.0] AndroidManifest.xml:23:9-26:75
145            android:name="com.google.android.gms.common.api.GoogleApiActivity"
145-->[com.google.android.gms:play-services-base:17.5.0] AndroidManifest.xml:24:13-79
146            android:exported="false"
146-->[com.google.android.gms:play-services-base:17.5.0] AndroidManifest.xml:25:13-37
147            android:theme="@android:style/Theme.Translucent.NoTitleBar" />
147-->[com.google.android.gms:play-services-base:17.5.0] AndroidManifest.xml:26:13-72
148
149        <provider
149-->[com.google.firebase:firebase-common:19.5.0] AndroidManifest.xml:26:9-31:39
150            android:name="com.google.firebase.provider.FirebaseInitProvider"
150-->[com.google.firebase:firebase-common:19.5.0] AndroidManifest.xml:27:13-77
151            android:authorities="com.example.localiser.firebaseinitprovider"
151-->[com.google.firebase:firebase-common:19.5.0] AndroidManifest.xml:28:13-72
152            android:directBootAware="true"
152-->[com.google.firebase:firebase-common:19.5.0] AndroidManifest.xml:29:13-43
153            android:exported="false"
153-->[com.google.firebase:firebase-common:19.5.0] AndroidManifest.xml:30:13-37
154            android:initOrder="100" />
154-->[com.google.firebase:firebase-common:19.5.0] AndroidManifest.xml:31:13-36
155
156        <meta-data
156-->[com.google.android.gms:play-services-basement:17.5.0] AndroidManifest.xml:23:9-25:69
157            android:name="com.google.android.gms.version"
157-->[com.google.android.gms:play-services-basement:17.5.0] AndroidManifest.xml:24:13-58
158            android:value="@integer/google_play_services_version" />
158-->[com.google.android.gms:play-services-basement:17.5.0] AndroidManifest.xml:25:13-66
159
160        <service
160-->[com.google.android.datatransport:transport-backend-cct:2.3.3] AndroidManifest.xml:29:9-35:19
161            android:name="com.google.android.datatransport.runtime.backends.TransportBackendDiscovery"
161-->[com.google.android.datatransport:transport-backend-cct:2.3.3] AndroidManifest.xml:30:13-103
162            android:exported="false" >
162-->[com.google.android.datatransport:transport-backend-cct:2.3.3] AndroidManifest.xml:31:13-37
163            <meta-data
163-->[com.google.android.datatransport:transport-backend-cct:2.3.3] AndroidManifest.xml:32:13-34:39
164                android:name="backend:com.google.android.datatransport.cct.CctBackendFactory"
164-->[com.google.android.datatransport:transport-backend-cct:2.3.3] AndroidManifest.xml:33:17-94
165                android:value="cct" />
165-->[com.google.android.datatransport:transport-backend-cct:2.3.3] AndroidManifest.xml:34:17-36
166        </service>
167        <service
167-->[com.google.android.datatransport:transport-runtime:2.2.5] AndroidManifest.xml:26:9-30:19
168            android:name="com.google.android.datatransport.runtime.scheduling.jobscheduling.JobInfoSchedulerService"
168-->[com.google.android.datatransport:transport-runtime:2.2.5] AndroidManifest.xml:27:13-117
169            android:exported="false"
169-->[com.google.android.datatransport:transport-runtime:2.2.5] AndroidManifest.xml:28:13-37
170            android:permission="android.permission.BIND_JOB_SERVICE" >
170-->[com.google.android.datatransport:transport-runtime:2.2.5] AndroidManifest.xml:29:13-69
171        </service>
172
173        <receiver
173-->[com.google.android.datatransport:transport-runtime:2.2.5] AndroidManifest.xml:32:9-34:40
174            android:name="com.google.android.datatransport.runtime.scheduling.jobscheduling.AlarmManagerSchedulerBroadcastReceiver"
174-->[com.google.android.datatransport:transport-runtime:2.2.5] AndroidManifest.xml:33:13-132
175            android:exported="false" />
175-->[com.google.android.datatransport:transport-runtime:2.2.5] AndroidManifest.xml:34:13-37
176    </application>
177
178</manifest>